Analysis & Synthesis report for Aula4b
Sun Mar 12 12:49:34 2023
Quartus Prime Version 20.1.0 Build 711 06/05/2020 SJ Lite Edition


---------------------
; Table of Contents ;
---------------------
  1. Legal Notice
  2. Analysis & Synthesis Summary
  3. Analysis & Synthesis Settings
  4. Parallel Compilation
  5. Analysis & Synthesis Source Files Read
  6. Analysis & Synthesis Resource Usage Summary
  7. Analysis & Synthesis Resource Utilization by Entity
  8. Registers Removed During Synthesis
  9. General Register Statistics
 10. Multiplexer Restructuring Statistics (Restructuring Performed)
 11. Parameter Settings for User Entity Instance: Top-level Entity: |Aula4b
 12. Parameter Settings for User Entity Instance: muxGenerico2x1:MUX1
 13. Parameter Settings for User Entity Instance: registradorGenerico:REGA
 14. Parameter Settings for User Entity Instance: registradorGenerico:PC
 15. Parameter Settings for User Entity Instance: somaConstante:incrementaPC
 16. Parameter Settings for User Entity Instance: ULASomaSub:ULA1
 17. Parameter Settings for User Entity Instance: memoriaROM:ROM1
 18. Parameter Settings for User Entity Instance: decoderInstru:DECODER
 19. Parameter Settings for User Entity Instance: memoriaRAM:RAM
 20. Port Connectivity Checks: "ULASomaSub:ULA1"
 21. Port Connectivity Checks: "registradorGenerico:PC"
 22. Post-Synthesis Netlist Statistics for Top Partition
 23. Elapsed Time Per Partition
 24. Analysis & Synthesis Messages



----------------
; Legal Notice ;
----------------
Copyright (C) 2020  Intel Corporation. All rights reserved.
Your use of Intel Corporation's design tools, logic functions 
and other software and tools, and any partner logic 
functions, and any output files from any of the foregoing 
(including device programming or simulation files), and any 
associated documentation or information are expressly subject 
to the terms and conditions of the Intel Program License 
Subscription Agreement, the Intel Quartus Prime License Agreement,
the Intel FPGA IP License Agreement, or other applicable license
agreement, including, without limitation, that your use is for
the sole purpose of programming logic devices manufactured by
Intel and sold by Intel or its authorized distributors.  Please
refer to the applicable agreement for further details, at
https://fpgasoftware.intel.com/eula.



+-------------------------------------------------------------------------------+
; Analysis & Synthesis Summary                                                  ;
+---------------------------------+---------------------------------------------+
; Analysis & Synthesis Status     ; Successful - Sun Mar 12 12:49:34 2023       ;
; Quartus Prime Version           ; 20.1.0 Build 711 06/05/2020 SJ Lite Edition ;
; Revision Name                   ; Aula4b                                      ;
; Top-level Entity Name           ; Aula4b                                      ;
; Family                          ; Cyclone V                                   ;
; Logic utilization (in ALMs)     ; N/A                                         ;
; Total registers                 ; 65                                          ;
; Total pins                      ; 42                                          ;
; Total virtual pins              ; 0                                           ;
; Total block memory bits         ; 0                                           ;
; Total DSP Blocks                ; 0                                           ;
; Total HSSI RX PCSs              ; 0                                           ;
; Total HSSI PMA RX Deserializers ; 0                                           ;
; Total HSSI TX PCSs              ; 0                                           ;
; Total HSSI PMA TX Serializers   ; 0                                           ;
; Total PLLs                      ; 0                                           ;
; Total DLLs                      ; 0                                           ;
+---------------------------------+---------------------------------------------+


+---------------------------------------------------------------------------------------------------------------------------+
; Analysis & Synthesis Settings                                                                                             ;
+---------------------------------------------------------------------------------+--------------------+--------------------+
; Option                                                                          ; Setting            ; Default Value      ;
+---------------------------------------------------------------------------------+--------------------+--------------------+
; Device                                                                          ; 5CEBA4F23C7        ;                    ;
; Top-level entity name                                                           ; Aula4b             ; Aula4b             ;
; Family name                                                                     ; Cyclone V          ; Cyclone V          ;
; Maximum processors allowed for parallel compilation                             ; All                ;                    ;
; VHDL Show LMF Mapping Messages                                                  ; Off                ;                    ;
; VHDL Version                                                                    ; VHDL_2008          ; VHDL_1993          ;
; Use smart compilation                                                           ; Off                ; Off                ;
; Enable parallel Assembler and Timing Analyzer during compilation                ; On                 ; On                 ;
; Enable compact report table                                                     ; Off                ; Off                ;
; Restructure Multiplexers                                                        ; Auto               ; Auto               ;
; MLAB Add Timing Constraints For Mixed-Port Feed-Through Mode Setting Don't Care ; Off                ; Off                ;
; Create Debugging Nodes for IP Cores                                             ; Off                ; Off                ;
; Preserve fewer node names                                                       ; On                 ; On                 ;
; Intel FPGA IP Evaluation Mode                                                   ; Enable             ; Enable             ;
; Verilog Version                                                                 ; Verilog_2001       ; Verilog_2001       ;
; State Machine Processing                                                        ; Auto               ; Auto               ;
; Safe State Machine                                                              ; Off                ; Off                ;
; Extract Verilog State Machines                                                  ; On                 ; On                 ;
; Extract VHDL State Machines                                                     ; On                 ; On                 ;
; Ignore Verilog initial constructs                                               ; Off                ; Off                ;
; Iteration limit for constant Verilog loops                                      ; 5000               ; 5000               ;
; Iteration limit for non-constant Verilog loops                                  ; 250                ; 250                ;
; Add Pass-Through Logic to Inferred RAMs                                         ; On                 ; On                 ;
; Infer RAMs from Raw Logic                                                       ; On                 ; On                 ;
; Parallel Synthesis                                                              ; On                 ; On                 ;
; DSP Block Balancing                                                             ; Auto               ; Auto               ;
; NOT Gate Push-Back                                                              ; On                 ; On                 ;
; Power-Up Don't Care                                                             ; On                 ; On                 ;
; Remove Redundant Logic Cells                                                    ; Off                ; Off                ;
; Remove Duplicate Registers                                                      ; On                 ; On                 ;
; Ignore CARRY Buffers                                                            ; Off                ; Off                ;
; Ignore CASCADE Buffers                                                          ; Off                ; Off                ;
; Ignore GLOBAL Buffers                                                           ; Off                ; Off                ;
; Ignore ROW GLOBAL Buffers                                                       ; Off                ; Off                ;
; Ignore LCELL Buffers                                                            ; Off                ; Off                ;
; Ignore SOFT Buffers                                                             ; On                 ; On                 ;
; Limit AHDL Integers to 32 Bits                                                  ; Off                ; Off                ;
; Optimization Technique                                                          ; Balanced           ; Balanced           ;
; Carry Chain Length                                                              ; 70                 ; 70                 ;
; Auto Carry Chains                                                               ; On                 ; On                 ;
; Auto Open-Drain Pins                                                            ; On                 ; On                 ;
; Perform WYSIWYG Primitive Resynthesis                                           ; Off                ; Off                ;
; Auto ROM Replacement                                                            ; On                 ; On                 ;
; Auto RAM Replacement                                                            ; On                 ; On                 ;
; Auto DSP Block Replacement                                                      ; On                 ; On                 ;
; Auto Shift Register Replacement                                                 ; Auto               ; Auto               ;
; Allow Shift Register Merging across Hierarchies                                 ; Auto               ; Auto               ;
; Auto Clock Enable Replacement                                                   ; On                 ; On                 ;
; Strict RAM Replacement                                                          ; Off                ; Off                ;
; Allow Synchronous Control Signals                                               ; On                 ; On                 ;
; Force Use of Synchronous Clear Signals                                          ; Off                ; Off                ;
; Auto Resource Sharing                                                           ; Off                ; Off                ;
; Allow Any RAM Size For Recognition                                              ; Off                ; Off                ;
; Allow Any ROM Size For Recognition                                              ; Off                ; Off                ;
; Allow Any Shift Register Size For Recognition                                   ; Off                ; Off                ;
; Use LogicLock Constraints during Resource Balancing                             ; On                 ; On                 ;
; Ignore translate_off and synthesis_off directives                               ; Off                ; Off                ;
; Timing-Driven Synthesis                                                         ; On                 ; On                 ;
; Report Parameter Settings                                                       ; On                 ; On                 ;
; Report Source Assignments                                                       ; On                 ; On                 ;
; Report Connectivity Checks                                                      ; On                 ; On                 ;
; Ignore Maximum Fan-Out Assignments                                              ; Off                ; Off                ;
; Synchronization Register Chain Length                                           ; 3                  ; 3                  ;
; Power Optimization During Synthesis                                             ; Normal compilation ; Normal compilation ;
; HDL message level                                                               ; Level2             ; Level2             ;
; Suppress Register Optimization Related Messages                                 ; Off                ; Off                ;
; Number of Removed Registers Reported in Synthesis Report                        ; 5000               ; 5000               ;
; Number of Swept Nodes Reported in Synthesis Report                              ; 5000               ; 5000               ;
; Number of Inverted Registers Reported in Synthesis Report                       ; 100                ; 100                ;
; Clock MUX Protection                                                            ; On                 ; On                 ;
; Auto Gated Clock Conversion                                                     ; Off                ; Off                ;
; Block Design Naming                                                             ; Auto               ; Auto               ;
; SDC constraint protection                                                       ; Off                ; Off                ;
; Synthesis Effort                                                                ; Auto               ; Auto               ;
; Shift Register Replacement - Allow Asynchronous Clear Signal                    ; On                 ; On                 ;
; Pre-Mapping Resynthesis Optimization                                            ; Off                ; Off                ;
; Analysis & Synthesis Message Level                                              ; Medium             ; Medium             ;
; Disable Register Merging Across Hierarchies                                     ; Auto               ; Auto               ;
; Resource Aware Inference For Block RAM                                          ; On                 ; On                 ;
; Automatic Parallel Synthesis                                                    ; On                 ; On                 ;
; Partial Reconfiguration Bitstream ID                                            ; Off                ; Off                ;
+---------------------------------------------------------------------------------+--------------------+--------------------+


+------------------------------------------+
; Parallel Compilation                     ;
+----------------------------+-------------+
; Processors                 ; Number      ;
+----------------------------+-------------+
; Number detected on machine ; 8           ;
; Maximum allowed            ; 4           ;
;                            ;             ;
; Average used               ; 1.00        ;
; Maximum used               ; 4           ;
;                            ;             ;
; Usage by Processor         ; % Time Used ;
;     Processor 1            ; 100.0%      ;
;     Processors 2-4         ;   0.0%      ;
+----------------------------+-------------+


+-----------------------------------------------------------------------------------------------------------------------------+
; Analysis & Synthesis Source Files Read                                                                                      ;
+----------------------------------+-----------------+-----------------+--------------------------------------------+---------+
; File Name with User-Entered Path ; Used in Netlist ; File Type       ; File Name with Absolute Path               ; Library ;
+----------------------------------+-----------------+-----------------+--------------------------------------------+---------+
; Aula4b.vhd                       ; yes             ; User VHDL File  ; C:/Descomp/AULA 4b/Aula4b.vhd              ;         ;
; ULASomaSubPassa.vhd              ; yes             ; User VHDL File  ; C:/Descomp/AULA 4b/ULASomaSubPassa.vhd     ;         ;
; decoderInstru.vhd                ; yes             ; User VHDL File  ; C:/Descomp/AULA 4b/decoderInstru.vhd       ;         ;
; memoriaROM.vhd                   ; yes             ; User VHDL File  ; C:/Descomp/AULA 4b/memoriaROM.vhd          ;         ;
; muxGenerico2x1.vhd               ; yes             ; User VHDL File  ; C:/Descomp/AULA 4b/muxGenerico2x1.vhd      ;         ;
; registradorGenerico.vhd          ; yes             ; User VHDL File  ; C:/Descomp/AULA 4b/registradorGenerico.vhd ;         ;
; somaConstante.vhd                ; yes             ; User VHDL File  ; C:/Descomp/AULA 4b/somaConstante.vhd       ;         ;
; memoriaRAM.vhd                   ; yes             ; User VHDL File  ; C:/Descomp/AULA 4b/memoriaRAM.vhd          ;         ;
+----------------------------------+-----------------+-----------------+--------------------------------------------+---------+


+------------------------------------------------------------+
; Analysis & Synthesis Resource Usage Summary                ;
+---------------------------------------------+--------------+
; Resource                                    ; Usage        ;
+---------------------------------------------+--------------+
; Estimate of Logic utilization (ALMs needed) ; 47           ;
;                                             ;              ;
; Combinational ALUT usage for logic          ; 44           ;
;     -- 7 input functions                    ; 8            ;
;     -- 6 input functions                    ; 5            ;
;     -- 5 input functions                    ; 8            ;
;     -- 4 input functions                    ; 9            ;
;     -- <=3 input functions                  ; 14           ;
;                                             ;              ;
; Dedicated logic registers                   ; 65           ;
;                                             ;              ;
; I/O pins                                    ; 42           ;
;                                             ;              ;
; Total DSP Blocks                            ; 0            ;
;                                             ;              ;
; Maximum fan-out node                        ; KEY[0]~input ;
; Maximum fan-out                             ; 65           ;
; Total fan-out                               ; 439          ;
; Average fan-out                             ; 2.27         ;
+---------------------------------------------+--------------+


+--------------------------------------------------------------------------------------------------------------------------------------------------------------------------------------------------------------------+
; Analysis & Synthesis Resource Utilization by Entity                                                                                                                                                                ;
+---------------------------------+---------------------+---------------------------+-------------------+------------+------+--------------+------------------------------------+---------------------+--------------+
; Compilation Hierarchy Node      ; Combinational ALUTs ; Dedicated Logic Registers ; Block Memory Bits ; DSP Blocks ; Pins ; Virtual Pins ; Full Hierarchy Name                ; Entity Name         ; Library Name ;
+---------------------------------+---------------------+---------------------------+-------------------+------------+------+--------------+------------------------------------+---------------------+--------------+
; |Aula4b                         ; 44 (0)              ; 65 (0)                    ; 0                 ; 0          ; 42   ; 0            ; |Aula4b                            ; Aula4b              ; work         ;
;    |decoderInstru:DECODER|      ; 2 (2)               ; 0 (0)                     ; 0                 ; 0          ; 0    ; 0            ; |Aula4b|decoderInstru:DECODER      ; decoderInstru       ; work         ;
;    |memoriaRAM:RAM|             ; 18 (18)             ; 48 (48)                   ; 0                 ; 0          ; 0    ; 0            ; |Aula4b|memoriaRAM:RAM             ; memoriaRAM          ; work         ;
;    |memoriaROM:ROM1|            ; 7 (7)               ; 0 (0)                     ; 0                 ; 0          ; 0    ; 0            ; |Aula4b|memoriaROM:ROM1            ; memoriaROM          ; work         ;
;    |muxGenerico2x1:MUX1|        ; 8 (8)               ; 0 (0)                     ; 0                 ; 0          ; 0    ; 0            ; |Aula4b|muxGenerico2x1:MUX1        ; muxGenerico2x1      ; work         ;
;    |registradorGenerico:PC|     ; 1 (1)               ; 9 (9)                     ; 0                 ; 0          ; 0    ; 0            ; |Aula4b|registradorGenerico:PC     ; registradorGenerico ; work         ;
;    |registradorGenerico:REGA|   ; 0 (0)               ; 8 (8)                     ; 0                 ; 0          ; 0    ; 0            ; |Aula4b|registradorGenerico:REGA   ; registradorGenerico ; work         ;
;    |somaConstante:incrementaPC| ; 8 (8)               ; 0 (0)                     ; 0                 ; 0          ; 0    ; 0            ; |Aula4b|somaConstante:incrementaPC ; somaConstante       ; work         ;
+---------------------------------+---------------------+---------------------------+-------------------+------------+------+--------------+------------------------------------+---------------------+--------------+
Note: For table entries with two numbers listed, the numbers in parentheses indicate the number of resources of the given type used by the specific entity alone. The numbers listed outside of parentheses indicate the total resources of the given type used by the specific entity and all of its sub-entities in the hierarchy.


+--------------------------------------------------------------------------------------+
; Registers Removed During Synthesis                                                   ;
+----------------------------------------+---------------------------------------------+
; Register name                          ; Reason for Removal                          ;
+----------------------------------------+---------------------------------------------+
; memoriaRAM:RAM|ram~73                  ; Stuck at GND due to stuck port clock_enable ;
; memoriaRAM:RAM|ram~65                  ; Stuck at GND due to stuck port clock_enable ;
; memoriaRAM:RAM|ram~74                  ; Stuck at GND due to stuck port clock_enable ;
; memoriaRAM:RAM|ram~66                  ; Stuck at GND due to stuck port clock_enable ;
; memoriaRAM:RAM|ram~75                  ; Stuck at GND due to stuck port clock_enable ;
; memoriaRAM:RAM|ram~67                  ; Stuck at GND due to stuck port clock_enable ;
; memoriaRAM:RAM|ram~76                  ; Stuck at GND due to stuck port clock_enable ;
; memoriaRAM:RAM|ram~68                  ; Stuck at GND due to stuck port clock_enable ;
; memoriaRAM:RAM|ram~77                  ; Stuck at GND due to stuck port clock_enable ;
; memoriaRAM:RAM|ram~69                  ; Stuck at GND due to stuck port clock_enable ;
; memoriaRAM:RAM|ram~78                  ; Stuck at GND due to stuck port clock_enable ;
; memoriaRAM:RAM|ram~70                  ; Stuck at GND due to stuck port clock_enable ;
; memoriaRAM:RAM|ram~79                  ; Stuck at GND due to stuck port clock_enable ;
; memoriaRAM:RAM|ram~71                  ; Stuck at GND due to stuck port clock_enable ;
; memoriaRAM:RAM|ram~80                  ; Stuck at GND due to stuck port clock_enable ;
; memoriaRAM:RAM|ram~72                  ; Stuck at GND due to stuck port clock_enable ;
; Total Number of Removed Registers = 16 ;                                             ;
+----------------------------------------+---------------------------------------------+


+------------------------------------------------------+
; General Register Statistics                          ;
+----------------------------------------------+-------+
; Statistic                                    ; Value ;
+----------------------------------------------+-------+
; Total registers                              ; 65    ;
; Number of registers using Synchronous Clear  ; 0     ;
; Number of registers using Synchronous Load   ; 0     ;
; Number of registers using Asynchronous Clear ; 0     ;
; Number of registers using Asynchronous Load  ; 0     ;
; Number of registers using Clock Enable       ; 56    ;
; Number of registers using Preset             ; 0     ;
+----------------------------------------------+-------+


+------------------------------------------------------------------------------------------------------------------------------------------------------+
; Multiplexer Restructuring Statistics (Restructuring Performed)                                                                                       ;
+--------------------+-----------+---------------+----------------------+------------------------+------------+----------------------------------------+
; Multiplexer Inputs ; Bus Width ; Baseline Area ; Area if Restructured ; Saving if Restructured ; Registered ; Example Multiplexer Output             ;
+--------------------+-----------+---------------+----------------------+------------------------+------------+----------------------------------------+
; 5:1                ; 2 bits    ; 6 LEs         ; 6 LEs                ; 0 LEs                  ; No         ; |Aula4b|decoderInstru:DECODER|saida[4] ;
+--------------------+-----------+---------------+----------------------+------------------------+------------+----------------------------------------+


+------------------------------------------------------------------------+
; Parameter Settings for User Entity Instance: Top-level Entity: |Aula4b ;
+------------------+-------+---------------------------------------------+
; Parameter Name   ; Value ; Type                                        ;
+------------------+-------+---------------------------------------------+
; larguraDados     ; 8     ; Signed Integer                              ;
; larguraEnderecos ; 3     ; Signed Integer                              ;
; simulacao        ; true  ; Enumerated                                  ;
+------------------+-------+---------------------------------------------+
Note: In order to hide this table in the UI and the text report file, please set the "Show Parameter Settings in Synthesis Report" option in "Analysis and Synthesis Settings -> More Settings" to "Off".


+------------------------------------------------------------------+
; Parameter Settings for User Entity Instance: muxGenerico2x1:MUX1 ;
+----------------+-------+-----------------------------------------+
; Parameter Name ; Value ; Type                                    ;
+----------------+-------+-----------------------------------------+
; larguradados   ; 8     ; Signed Integer                          ;
+----------------+-------+-----------------------------------------+
Note: In order to hide this table in the UI and the text report file, please set the "Show Parameter Settings in Synthesis Report" option in "Analysis and Synthesis Settings -> More Settings" to "Off".


+-----------------------------------------------------------------------+
; Parameter Settings for User Entity Instance: registradorGenerico:REGA ;
+----------------+-------+----------------------------------------------+
; Parameter Name ; Value ; Type                                         ;
+----------------+-------+----------------------------------------------+
; larguradados   ; 8     ; Signed Integer                               ;
+----------------+-------+----------------------------------------------+
Note: In order to hide this table in the UI and the text report file, please set the "Show Parameter Settings in Synthesis Report" option in "Analysis and Synthesis Settings -> More Settings" to "Off".


+---------------------------------------------------------------------+
; Parameter Settings for User Entity Instance: registradorGenerico:PC ;
+----------------+-------+--------------------------------------------+
; Parameter Name ; Value ; Type                                       ;
+----------------+-------+--------------------------------------------+
; larguradados   ; 9     ; Signed Integer                             ;
+----------------+-------+--------------------------------------------+
Note: In order to hide this table in the UI and the text report file, please set the "Show Parameter Settings in Synthesis Report" option in "Analysis and Synthesis Settings -> More Settings" to "Off".


+-------------------------------------------------------------------------+
; Parameter Settings for User Entity Instance: somaConstante:incrementaPC ;
+----------------+-------+------------------------------------------------+
; Parameter Name ; Value ; Type                                           ;
+----------------+-------+------------------------------------------------+
; larguradados   ; 9     ; Signed Integer                                 ;
; constante      ; 1     ; Signed Integer                                 ;
+----------------+-------+------------------------------------------------+
Note: In order to hide this table in the UI and the text report file, please set the "Show Parameter Settings in Synthesis Report" option in "Analysis and Synthesis Settings -> More Settings" to "Off".


+--------------------------------------------------------------+
; Parameter Settings for User Entity Instance: ULASomaSub:ULA1 ;
+----------------+-------+-------------------------------------+
; Parameter Name ; Value ; Type                                ;
+----------------+-------+-------------------------------------+
; larguradados   ; 8     ; Signed Integer                      ;
+----------------+-------+-------------------------------------+
Note: In order to hide this table in the UI and the text report file, please set the "Show Parameter Settings in Synthesis Report" option in "Analysis and Synthesis Settings -> More Settings" to "Off".


+--------------------------------------------------------------+
; Parameter Settings for User Entity Instance: memoriaROM:ROM1 ;
+----------------+-------+-------------------------------------+
; Parameter Name ; Value ; Type                                ;
+----------------+-------+-------------------------------------+
; datawidth      ; 13    ; Signed Integer                      ;
; addrwidth      ; 9     ; Signed Integer                      ;
+----------------+-------+-------------------------------------+
Note: In order to hide this table in the UI and the text report file, please set the "Show Parameter Settings in Synthesis Report" option in "Analysis and Synthesis Settings -> More Settings" to "Off".


+--------------------------------------------------------------------+
; Parameter Settings for User Entity Instance: decoderInstru:DECODER ;
+----------------+-------+-------------------------------------------+
; Parameter Name ; Value ; Type                                      ;
+----------------+-------+-------------------------------------------+
; datawidth      ; 4     ; Signed Integer                            ;
; addrwidth      ; 3     ; Signed Integer                            ;
+----------------+-------+-------------------------------------------+
Note: In order to hide this table in the UI and the text report file, please set the "Show Parameter Settings in Synthesis Report" option in "Analysis and Synthesis Settings -> More Settings" to "Off".


+-------------------------------------------------------------+
; Parameter Settings for User Entity Instance: memoriaRAM:RAM ;
+----------------+-------+------------------------------------+
; Parameter Name ; Value ; Type                               ;
+----------------+-------+------------------------------------+
; datawidth      ; 8     ; Signed Integer                     ;
; addrwidth      ; 8     ; Signed Integer                     ;
+----------------+-------+------------------------------------+
Note: In order to hide this table in the UI and the text report file, please set the "Show Parameter Settings in Synthesis Report" option in "Analysis and Synthesis Settings -> More Settings" to "Off".


+-----------------------------------------------------------------------------------------------------------------+
; Port Connectivity Checks: "ULASomaSub:ULA1"                                                                     ;
+-------+--------+----------+-------------------------------------------------------------------------------------+
; Port  ; Type   ; Severity ; Details                                                                             ;
+-------+--------+----------+-------------------------------------------------------------------------------------+
; saida ; Output ; Info     ; Connected to dangling logic. Logic that only feeds a dangling port will be removed. ;
+-------+--------+----------+-------------------------------------------------------------------------------------+


+----------------------------------------------------+
; Port Connectivity Checks: "registradorGenerico:PC" ;
+--------+-------+----------+------------------------+
; Port   ; Type  ; Severity ; Details                ;
+--------+-------+----------+------------------------+
; enable ; Input ; Info     ; Stuck at VCC           ;
; rst    ; Input ; Info     ; Stuck at GND           ;
+--------+-------+----------+------------------------+


+-----------------------------------------------------+
; Post-Synthesis Netlist Statistics for Top Partition ;
+-----------------------+-----------------------------+
; Type                  ; Count                       ;
+-----------------------+-----------------------------+
; arriav_ff             ; 65                          ;
;     ENA               ; 56                          ;
;     plain             ; 9                           ;
; arriav_lcell_comb     ; 45                          ;
;     arith             ; 8                           ;
;         1 data inputs ; 7                           ;
;         2 data inputs ; 1                           ;
;     extend            ; 8                           ;
;         7 data inputs ; 8                           ;
;     normal            ; 29                          ;
;         0 data inputs ; 1                           ;
;         1 data inputs ; 1                           ;
;         3 data inputs ; 5                           ;
;         4 data inputs ; 9                           ;
;         5 data inputs ; 8                           ;
;         6 data inputs ; 5                           ;
; boundary_port         ; 42                          ;
;                       ;                             ;
; Max LUT depth         ; 5.00                        ;
; Average LUT depth     ; 2.56                        ;
+-----------------------+-----------------------------+


+-------------------------------+
; Elapsed Time Per Partition    ;
+----------------+--------------+
; Partition Name ; Elapsed Time ;
+----------------+--------------+
; Top            ; 00:00:00     ;
+----------------+--------------+


+-------------------------------+
; Analysis & Synthesis Messages ;
+-------------------------------+
Info: *******************************************************************
Info: Running Quartus Prime Analysis & Synthesis
    Info: Version 20.1.0 Build 711 06/05/2020 SJ Lite Edition
    Info: Processing started: Sun Mar 12 12:49:26 2023
Info: Command: quartus_map --read_settings_files=on --write_settings_files=off Aula4b -c Aula4b
Info (20030): Parallel compilation is enabled and will use 4 of the 4 processors detected
Info (12021): Found 2 design units, including 1 entities, in source file aula4b.vhd
    Info (12022): Found design unit 1: Aula4b-arquitetura File: C:/Descomp/AULA 4b/Aula4b.vhd Line: 21
    Info (12023): Found entity 1: Aula4b File: C:/Descomp/AULA 4b/Aula4b.vhd Line: 4
Info (12021): Found 2 design units, including 1 entities, in source file ulasomasubpassa.vhd
    Info (12022): Found design unit 1: ULASomaSub-comportamento File: C:/Descomp/AULA 4b/ULASomaSubPassa.vhd Line: 14
    Info (12023): Found entity 1: ULASomaSub File: C:/Descomp/AULA 4b/ULASomaSubPassa.vhd Line: 5
Info (12021): Found 2 design units, including 1 entities, in source file decoderinstru.vhd
    Info (12022): Found design unit 1: decoderInstru-comportamento File: C:/Descomp/AULA 4b/decoderInstru.vhd Line: 14
    Info (12023): Found entity 1: decoderInstru File: C:/Descomp/AULA 4b/decoderInstru.vhd Line: 4
Info (12021): Found 3 design units, including 1 entities, in source file edgedetector.vhd
    Info (12022): Found design unit 1: edgeDetector-bordaSubida File: C:/Descomp/AULA 4b/edgeDetector.vhd Line: 10
    Info (12022): Found design unit 2: edgeDetector-bordaDescida File: C:/Descomp/AULA 4b/edgeDetector.vhd Line: 23
    Info (12023): Found entity 1: edgeDetector File: C:/Descomp/AULA 4b/edgeDetector.vhd Line: 4
Info (12021): Found 2 design units, including 1 entities, in source file memoriarom.vhd
    Info (12022): Found design unit 1: memoriaROM-assincrona File: C:/Descomp/AULA 4b/memoriaROM.vhd Line: 16
    Info (12023): Found entity 1: memoriaROM File: C:/Descomp/AULA 4b/memoriaROM.vhd Line: 5
Info (12021): Found 2 design units, including 1 entities, in source file muxgenerico2x1.vhd
    Info (12022): Found design unit 1: muxGenerico2x1-comportamento File: C:/Descomp/AULA 4b/muxGenerico2x1.vhd Line: 14
    Info (12023): Found entity 1: muxGenerico2x1 File: C:/Descomp/AULA 4b/muxGenerico2x1.vhd Line: 4
Info (12021): Found 2 design units, including 1 entities, in source file registradorgenerico.vhd
    Info (12022): Found design unit 1: registradorGenerico-comportamento File: C:/Descomp/AULA 4b/registradorGenerico.vhd Line: 15
    Info (12023): Found entity 1: registradorGenerico File: C:/Descomp/AULA 4b/registradorGenerico.vhd Line: 4
Info (12021): Found 2 design units, including 1 entities, in source file somaconstante.vhd
    Info (12022): Found design unit 1: somaConstante-comportamento File: C:/Descomp/AULA 4b/somaConstante.vhd Line: 18
    Info (12023): Found entity 1: somaConstante File: C:/Descomp/AULA 4b/somaConstante.vhd Line: 5
Info (12021): Found 2 design units, including 1 entities, in source file memoriaram.vhd
    Info (12022): Found design unit 1: memoriaRAM-rtl File: C:/Descomp/AULA 4b/memoriaRAM.vhd Line: 21
    Info (12023): Found entity 1: memoriaRAM File: C:/Descomp/AULA 4b/memoriaRAM.vhd Line: 5
Info (12127): Elaborating entity "Aula4b" for the top level hierarchy
Warning (10541): VHDL Signal Declaration warning at Aula4b.vhd(15): used implicit default value for signal "LEDR" because signal was never assigned a value or an explicit default value. Use of implicit default value may introduce unintended design optimizations. File: C:/Descomp/AULA 4b/Aula4b.vhd Line: 15
Warning (10541): VHDL Signal Declaration warning at Aula4b.vhd(24): used implicit default value for signal "chavesX_ULA_B" because signal was never assigned a value or an explicit default value. Use of implicit default value may introduce unintended design optimizations. File: C:/Descomp/AULA 4b/Aula4b.vhd Line: 24
Warning (10036): Verilog HDL or VHDL warning at Aula4b.vhd(28): object "Saida_ULA" assigned a value but never read File: C:/Descomp/AULA 4b/Aula4b.vhd Line: 28
Warning (10541): VHDL Signal Declaration warning at Aula4b.vhd(36): used implicit default value for signal "Reset_A" because signal was never assigned a value or an explicit default value. Use of implicit default value may introduce unintended design optimizations. File: C:/Descomp/AULA 4b/Aula4b.vhd Line: 36
Warning (10036): Verilog HDL or VHDL warning at Aula4b.vhd(39): object "habilitaLeitura" assigned a value but never read File: C:/Descomp/AULA 4b/Aula4b.vhd Line: 39
Warning (10036): Verilog HDL or VHDL warning at Aula4b.vhd(40): object "habilitaEscrita" assigned a value but never read File: C:/Descomp/AULA 4b/Aula4b.vhd Line: 40
Info (12128): Elaborating entity "muxGenerico2x1" for hierarchy "muxGenerico2x1:MUX1" File: C:/Descomp/AULA 4b/Aula4b.vhd Line: 55
Info (12128): Elaborating entity "registradorGenerico" for hierarchy "registradorGenerico:REGA" File: C:/Descomp/AULA 4b/Aula4b.vhd Line: 62
Info (12128): Elaborating entity "registradorGenerico" for hierarchy "registradorGenerico:PC" File: C:/Descomp/AULA 4b/Aula4b.vhd Line: 66
Info (12128): Elaborating entity "somaConstante" for hierarchy "somaConstante:incrementaPC" File: C:/Descomp/AULA 4b/Aula4b.vhd Line: 69
Info (12128): Elaborating entity "ULASomaSub" for hierarchy "ULASomaSub:ULA1" File: C:/Descomp/AULA 4b/Aula4b.vhd Line: 74
Info (12128): Elaborating entity "memoriaROM" for hierarchy "memoriaROM:ROM1" File: C:/Descomp/AULA 4b/Aula4b.vhd Line: 78
Info (12128): Elaborating entity "decoderInstru" for hierarchy "decoderInstru:DECODER" File: C:/Descomp/AULA 4b/Aula4b.vhd Line: 81
Info (12128): Elaborating entity "memoriaRAM" for hierarchy "memoriaRAM:RAM" File: C:/Descomp/AULA 4b/Aula4b.vhd Line: 84
Info (276014): Found 1 instances of uninferred RAM logic
    Info (276007): RAM logic "memoriaRAM:RAM|ram" is uninferred due to asynchronous read logic File: C:/Descomp/AULA 4b/memoriaRAM.vhd Line: 27
Warning (13046): Tri-state node(s) do not directly drive top-level pin(s)
    Warning (13049): Converted tri-state buffer "memoriaRAM:RAM|dado_out[0]" feeding internal logic into a wire File: C:/Descomp/AULA 4b/memoriaRAM.vhd Line: 17
    Warning (13049): Converted tri-state buffer "memoriaRAM:RAM|dado_out[1]" feeding internal logic into a wire File: C:/Descomp/AULA 4b/memoriaRAM.vhd Line: 17
    Warning (13049): Converted tri-state buffer "memoriaRAM:RAM|dado_out[2]" feeding internal logic into a wire File: C:/Descomp/AULA 4b/memoriaRAM.vhd Line: 17
    Warning (13049): Converted tri-state buffer "memoriaRAM:RAM|dado_out[3]" feeding internal logic into a wire File: C:/Descomp/AULA 4b/memoriaRAM.vhd Line: 17
    Warning (13049): Converted tri-state buffer "memoriaRAM:RAM|dado_out[4]" feeding internal logic into a wire File: C:/Descomp/AULA 4b/memoriaRAM.vhd Line: 17
    Warning (13049): Converted tri-state buffer "memoriaRAM:RAM|dado_out[5]" feeding internal logic into a wire File: C:/Descomp/AULA 4b/memoriaRAM.vhd Line: 17
    Warning (13049): Converted tri-state buffer "memoriaRAM:RAM|dado_out[6]" feeding internal logic into a wire File: C:/Descomp/AULA 4b/memoriaRAM.vhd Line: 17
    Warning (13049): Converted tri-state buffer "memoriaRAM:RAM|dado_out[7]" feeding internal logic into a wire File: C:/Descomp/AULA 4b/memoriaRAM.vhd Line: 17
Warning (13024): Output pins are stuck at VCC or GND
    Warning (13410): Pin "LEDR[0]" is stuck at GND File: C:/Descomp/AULA 4b/Aula4b.vhd Line: 15
    Warning (13410): Pin "LEDR[1]" is stuck at GND File: C:/Descomp/AULA 4b/Aula4b.vhd Line: 15
    Warning (13410): Pin "LEDR[2]" is stuck at GND File: C:/Descomp/AULA 4b/Aula4b.vhd Line: 15
    Warning (13410): Pin "LEDR[3]" is stuck at GND File: C:/Descomp/AULA 4b/Aula4b.vhd Line: 15
    Warning (13410): Pin "LEDR[4]" is stuck at GND File: C:/Descomp/AULA 4b/Aula4b.vhd Line: 15
    Warning (13410): Pin "LEDR[5]" is stuck at GND File: C:/Descomp/AULA 4b/Aula4b.vhd Line: 15
    Warning (13410): Pin "LEDR[6]" is stuck at GND File: C:/Descomp/AULA 4b/Aula4b.vhd Line: 15
    Warning (13410): Pin "LEDR[7]" is stuck at GND File: C:/Descomp/AULA 4b/Aula4b.vhd Line: 15
    Warning (13410): Pin "LEDR[8]" is stuck at GND File: C:/Descomp/AULA 4b/Aula4b.vhd Line: 15
    Warning (13410): Pin "LEDR[9]" is stuck at GND File: C:/Descomp/AULA 4b/Aula4b.vhd Line: 15
Info (286030): Timing-Driven Synthesis is running
Info (16010): Generating hard_block partition "hard_block:auto_generated_inst"
    Info (16011): Adding 0 node(s), including 0 DDIO, 0 PLL, 0 transceiver and 0 LCELL
Warning (21074): Design contains 14 input pin(s) that do not drive logic
    Warning (15610): No output dependent on input pin "CLOCK_50" File: C:/Descomp/AULA 4b/Aula4b.vhd Line: 11
    Warning (15610): No output dependent on input pin "KEY[1]" File: C:/Descomp/AULA 4b/Aula4b.vhd Line: 12
    Warning (15610): No output dependent on input pin "KEY[2]" File: C:/Descomp/AULA 4b/Aula4b.vhd Line: 12
    Warning (15610): No output dependent on input pin "KEY[3]" File: C:/Descomp/AULA 4b/Aula4b.vhd Line: 12
    Warning (15610): No output dependent on input pin "SW[0]" File: C:/Descomp/AULA 4b/Aula4b.vhd Line: 13
    Warning (15610): No output dependent on input pin "SW[1]" File: C:/Descomp/AULA 4b/Aula4b.vhd Line: 13
    Warning (15610): No output dependent on input pin "SW[2]" File: C:/Descomp/AULA 4b/Aula4b.vhd Line: 13
    Warning (15610): No output dependent on input pin "SW[3]" File: C:/Descomp/AULA 4b/Aula4b.vhd Line: 13
    Warning (15610): No output dependent on input pin "SW[4]" File: C:/Descomp/AULA 4b/Aula4b.vhd Line: 13
    Warning (15610): No output dependent on input pin "SW[5]" File: C:/Descomp/AULA 4b/Aula4b.vhd Line: 13
    Warning (15610): No output dependent on input pin "SW[6]" File: C:/Descomp/AULA 4b/Aula4b.vhd Line: 13
    Warning (15610): No output dependent on input pin "SW[7]" File: C:/Descomp/AULA 4b/Aula4b.vhd Line: 13
    Warning (15610): No output dependent on input pin "SW[8]" File: C:/Descomp/AULA 4b/Aula4b.vhd Line: 13
    Warning (15610): No output dependent on input pin "SW[9]" File: C:/Descomp/AULA 4b/Aula4b.vhd Line: 13
Info (21057): Implemented 134 device resources after synthesis - the final resource count might be different
    Info (21058): Implemented 15 input pins
    Info (21059): Implemented 27 output pins
    Info (21061): Implemented 92 logic cells
Info: Quartus Prime Analysis & Synthesis was successful. 0 errors, 41 warnings
    Info: Peak virtual memory: 4846 megabytes
    Info: Processing ended: Sun Mar 12 12:49:34 2023
    Info: Elapsed time: 00:00:08
    Info: Total CPU time (on all processors): 00:00:13


